#
# A fatal error has been detected by the Java Runtime Environment:
#
#  SIGSEGV (0xb) at pc=0x00007fff64ad7135, pid=27891, tid=29959
#
# JRE version: Java(TM) SE Runtime Environment (8.0_20-b26) (build 1.8.0_20-b26)
# Java VM: Java HotSpot(TM) 64-Bit Server VM (25.20-b23 mixed mode bsd-amd64 compressed oops)
# Problematic frame:
# C  [libsystem_pthread.dylib+0x6135]  pthread_kill+0x132
#
# Failed to write core dump. Core dumps have been disabled. To enable core dumping, try "ulimit -c unlimited" before starting Java again
#
# If you would like to submit a bug report, please visit:
#   http://bugreport.sun.com/bugreport/crash.jsp
# The crash happened outside the Java Virtual Machine in native code.
# See problematic frame for where to report the bug.
#

---------------  T H R E A D  ---------------

Current thread (0x00007fbe3a5f7000):  JavaThread "Thread-48" [_thread_in_native, id=29959, stack(0x0000700004437000,0x0000700004537000)]

siginfo: si_signo: 11 (SIGSEGV), si_code: 1 (SEGV_MAPERR), si_addr: 0x0000700005f85018

Registers:
RAX=0x000000000c000000, RBX=0x0000700005f85000, RCX=0x00007fff6499944a, RDX=0x0000000000000000
RSP=0x0000700004535e60, RBP=0x0000700004535e90, RSI=0x00007fff9d960318, RDI=0x0000000001000002
R8 =0x9e3779b97f4a7c55, R9 =0x0000000000000003, R10=0x0000000000000000, R11=0x0000000000000246
R12=0x0000000000007103, R13=0x0000000000000001, R14=0x0000000000000017, R15=0x0000000000000003
RIP=0x00007fff64ad7135, EFLAGS=0x0000000000010202, ERR=0x0000000000000004
  TRAPNO=0x000000000000000e

Top of Stack: (sp=0x0000700004535e60)
0x0000700004535e60:   0000000113652028 00007fbe3a5f71e8
0x0000700004535e70:   0000000000000000 00000001268a4bd0
0x0000700004535e80:   0000700004535f38 00007fbe3a5f7000
0x0000700004535e90:   0000700004535eb0 0000000113652041
0x0000700004535ea0:   0000700004535f10 00000001268a4bd0
0x0000700004535eb0:   0000700004535f10 0000000114176ba4
0x0000700004535ec0:   0000000114188483 0000000114176622
0x0000700004535ed0:   0000700004535ed0 00000001268a4bd0
0x0000700004535ee0:   0000700004535f38 00000001268a4d80
0x0000700004535ef0:   0000000000000000 00000001268a4bd0
0x0000700004535f00:   0000000000000000 0000700004535f30
0x0000700004535f10:   0000700004535f90 0000000114161a0d
0x0000700004535f20:   0000000742648348 000000011416d518
0x0000700004535f30:   0000700005f85000 0000000741de4da8
0x0000700004535f40:   0000000000000009 0000000741de4e78
0x0000700004535f50:   0000700004535f40 000000012688d545
0x0000700004535f60:   0000700004535fc0 000000012688e138
0x0000700004535f70:   0000000000000000 000000012688d588
0x0000700004535f80:   0000700004535f30 0000700004535fc0
0x0000700004535f90:   0000700004536008 0000000114161a0d
0x0000700004535fa0:   0000000000000000 0000700005f85000
0x0000700004535fb0:   0000000000000000 0000000741de4e78
0x0000700004535fc0:   0000000741de4da8 0000700004535fc8
0x0000700004535fd0:   000000012684d121 0000700004536040
0x0000700004535fe0:   000000012684df08 0000000000000000
0x0000700004535ff0:   000000012684d190 0000700004535fc0
0x0000700004536000:   0000700004536040 0000700004536098
0x0000700004536010:   0000000114161a0d 0000000000000000
0x0000700004536020:   0000000000000000 0000000000000000
0x0000700004536030:   0000000000000000 0000000000000000
0x0000700004536040:   0000000741de4da8 0000000000000009
0x0000700004536050:   0000000741de4e08 0000700004536048 

Instructions: (pc=0x00007fff64ad7135)
0x00007fff64ad7115:   0c 48 8d 3d fb 91 e8 38 e8 ca 31 00 00 45 84 ed
0x00007fff64ad7125:   75 09 eb 38 44 8b a3 f8 00 00 00 b8 00 00 00 0c
0x00007fff64ad7135:   23 43 18 41 bf 2d 00 00 00 3d 00 00 00 04 74 1c
0x00007fff64ad7145:   44 89 e7 44 89 f6 e8 b2 30 00 00 41 89 c7 41 83 

Register to memory mapping:

RAX=0x000000000c000000 is an unknown value
RBX=0x0000700005f85000 is an unknown value
RCX=0x00007fff6499944a: __ulock_wake+0xa in /usr/lib/system/libsystem_kernel.dylib at 0x00007fff6497d000
RDX=0x0000000000000000 is an unknown value
RSP=0x0000700004535e60 is pointing into the stack for thread: 0x00007fbe3a5f7000
RBP=0x0000700004535e90 is pointing into the stack for thread: 0x00007fbe3a5f7000
RSI=0x00007fff9d960318: _pthread_list_lock+0 in /usr/lib/system/libsystem_pthread.dylib at 0x00007fff64ad1000
RDI=0x0000000001000002 is an unknown value
R8 =0x9e3779b97f4a7c55 is an unknown value
R9 =0x0000000000000003 is an unknown value
R10=0x0000000000000000 is an unknown value
R11=0x0000000000000246 is an unknown value
R12=0x0000000000007103 is an unknown value
R13=0x0000000000000001 is an unknown value
R14=0x0000000000000017 is an unknown value
R15=0x0000000000000003 is an unknown value


Stack: [0x0000700004437000,0x0000700004537000],  sp=0x0000700004535e60,  free space=1019k
Native frames: (J=compiled Java code, j=interpreted, Vv=VM code, C=native code)
C  [libsystem_pthread.dylib+0x6135]  pthread_kill+0x132
C  [libnio.dylib+0x3041]  Java_sun_nio_ch_NativeThread_signal+0x19
j  sun.nio.ch.NativeThread.signal(J)V+0
j  sun.nio.ch.ServerSocketChannelImpl.implCloseSelectableChannel()V+37
j  java.nio.channels.spi.AbstractSelectableChannel.implCloseChannel()V+1
j  java.nio.channels.spi.AbstractInterruptibleChannel.close()V+23
j  sun.nio.ch.ServerSocketAdaptor.close()V+4
j  org.apache.tomcat.util.net.NioEndpoint.unbind()V+70
j  org.apache.tomcat.util.net.AbstractEndpoint.stop()V+15
j  org.apache.coyote.AbstractProtocol.stop()V+58
j  org.apache.catalina.connector.Connector.stopInternal()V+11
j  org.apache.catalina.util.LifecycleBase.stop()V+214
j  org.apache.catalina.core.StandardService.stopInternal()V+214
j  org.apache.catalina.util.LifecycleBase.stop()V+214
j  org.apache.catalina.core.StandardServer.stopInternal()V+31
j  org.apache.catalina.util.LifecycleBase.stop()V+214
j  org.apache.catalina.startup.Tomcat.stop()V+9
j  org.springframework.boot.context.embedded.tomcat.TomcatEmbeddedServletContainer.stopTomcat()V+29
j  org.springframework.boot.context.embedded.tomcat.TomcatEmbeddedServletContainer.stop()V+18
j  org.springframework.boot.context.embedded.EmbeddedWebApplicationContext.stopAndReleaseEmbeddedServletContainer()V+10
j  org.springframework.boot.context.embedded.EmbeddedWebApplicationContext.onClose()V+5
j  org.springframework.context.support.AbstractApplicationContext.doClose()V+128
j  org.springframework.context.support.AbstractApplicationContext.close()V+8
j  org.springframework.boot.devtools.restart.Restarter.stop()V+50
j  org.springframework.boot.devtools.restart.Restarter$2.call()Ljava/lang/Void;+4
j  org.springframework.boot.devtools.restart.Restarter$2.call()Ljava/lang/Object;+1
j  org.springframework.boot.devtools.restart.Restarter$LeakSafeThread.run()V+28
v  ~StubRoutines::call_stub
V  [libjvm.dylib+0x2d429e]  JavaCalls::call_helper(JavaValue*, methodHandle*, JavaCallArguments*, Thread*)+0x6ae
V  [libjvm.dylib+0x2d4a2c]  JavaCalls::call_virtual(JavaValue*, KlassHandle, Symbol*, Symbol*, JavaCallArguments*, Thread*)+0x164
V  [libjvm.dylib+0x2d4bd8]  JavaCalls::call_virtual(JavaValue*, Handle, KlassHandle, Symbol*, Symbol*, Thread*)+0x4a
V  [libjvm.dylib+0x32562b]  thread_entry(JavaThread*, Thread*)+0x7c
V  [libjvm.dylib+0x535a51]  JavaThread::thread_main_inner()+0x9b
V  [libjvm.dylib+0x537194]  JavaThread::run()+0x1c2
V  [libjvm.dylib+0x45d35a]  java_start(Thread*)+0xf6
C  [libsystem_pthread.dylib+0x36c1]  _pthread_body+0x154
C  [libsystem_pthread.dylib+0x356d]  _pthread_body+0x0
C  [libsystem_pthread.dylib+0x2c5d]  thread_start+0xd
C  0x0000000000000000

Java frames: (J=compiled Java code, j=interpreted, Vv=VM code)
j  sun.nio.ch.NativeThread.signal(J)V+0
j  sun.nio.ch.ServerSocketChannelImpl.implCloseSelectableChannel()V+37
j  java.nio.channels.spi.AbstractSelectableChannel.implCloseChannel()V+1
j  java.nio.channels.spi.AbstractInterruptibleChannel.close()V+23
j  sun.nio.ch.ServerSocketAdaptor.close()V+4
j  org.apache.tomcat.util.net.NioEndpoint.unbind()V+70
j  org.apache.tomcat.util.net.AbstractEndpoint.stop()V+15
j  org.apache.coyote.AbstractProtocol.stop()V+58
j  org.apache.catalina.connector.Connector.stopInternal()V+11
j  org.apache.catalina.util.LifecycleBase.stop()V+214
j  org.apache.catalina.core.StandardService.stopInternal()V+214
j  org.apache.catalina.util.LifecycleBase.stop()V+214
j  org.apache.catalina.core.StandardServer.stopInternal()V+31
j  org.apache.catalina.util.LifecycleBase.stop()V+214
j  org.apache.catalina.startup.Tomcat.stop()V+9
j  org.springframework.boot.context.embedded.tomcat.TomcatEmbeddedServletContainer.stopTomcat()V+29
j  org.springframework.boot.context.embedded.tomcat.TomcatEmbeddedServletContainer.stop()V+18
j  org.springframework.boot.context.embedded.EmbeddedWebApplicationContext.stopAndReleaseEmbeddedServletContainer()V+10
j  org.springframework.boot.context.embedded.EmbeddedWebApplicationContext.onClose()V+5
j  org.springframework.context.support.AbstractApplicationContext.doClose()V+128
j  org.springframework.context.support.AbstractApplicationContext.close()V+8
j  org.springframework.boot.devtools.restart.Restarter.stop()V+50
j  org.springframework.boot.devtools.restart.Restarter$2.call()Ljava/lang/Void;+4
j  org.springframework.boot.devtools.restart.Restarter$2.call()Ljava/lang/Object;+1
j  org.springframework.boot.devtools.restart.Restarter$LeakSafeThread.run()V+28
v  ~StubRoutines::call_stub

---------------  P R O C E S S  ---------------

Java Threads: ( => current thread )
  0x00007fbe39b64000 JavaThread "localhost-startStop-2" daemon [_thread_blocked, id=23575, stack(0x0000700004740000,0x0000700004840000)]
  0x00007fbe3b006000 JavaThread "Tomcat-startStop-2" daemon [_thread_blocked, id=24603, stack(0x000070000463d000,0x000070000473d000)]
=>0x00007fbe3a5f7000 JavaThread "Thread-48" [_thread_in_native, id=29959, stack(0x0000700004437000,0x0000700004537000)]
  0x00007fbe3a244800 JavaThread "DestroyJavaVM" [_thread_blocked, id=9987, stack(0x0000700002ffb000,0x00007000030fb000)]
  0x00007fbe39dc1800 JavaThread "NioBlockingSelector.BlockPoller-1" daemon [_thread_in_native, id=25351, stack(0x000070000515e000,0x000070000525e000)]
  0x00007fbe39bf4000 JavaThread "Live Reload Server" daemon [_thread_in_native, id=40455, stack(0x000070000505b000,0x000070000515b000)]
  0x00007fbe3a68f000 JavaThread "container-0" [_thread_blocked, id=24835, stack(0x0000700004e55000,0x0000700004f55000)]
  0x00007fbe39af5000 JavaThread "RMI Scheduler(0)" daemon [_thread_blocked, id=42755, stack(0x000070000453a000,0x000070000463a000)]
  0x00007fbe3a1fa800 JavaThread "RMI TCP Accept-0" daemon [_thread_in_native, id=15363, stack(0x0000700004231000,0x0000700004331000)]
  0x00007fbe3b137800 JavaThread "RMI TCP Accept-61764" daemon [_thread_in_native, id=15875, stack(0x000070000412e000,0x000070000422e000)]
  0x00007fbe3a1f0000 JavaThread "RMI TCP Accept-0" daemon [_thread_in_native, id=16131, stack(0x000070000402b000,0x000070000412b000)]
  0x00007fbe399a2800 JavaThread "Service Thread" daemon [_thread_blocked, id=14595, stack(0x0000700003f28000,0x0000700004028000)]
  0x00007fbe399a1800 JavaThread "C1 CompilerThread2" daemon [_thread_blocked, id=14083, stack(0x0000700003e25000,0x0000700003f25000)]
  0x00007fbe399a1000 JavaThread "C2 CompilerThread1" daemon [_thread_blocked, id=13827, stack(0x0000700003d22000,0x0000700003e22000)]
  0x00007fbe3a065800 JavaThread "C2 CompilerThread0" daemon [_thread_blocked, id=13571, stack(0x0000700003c1f000,0x0000700003d1f000)]
  0x00007fbe3b01a000 JavaThread "JDWP Command Reader" daemon [_thread_in_native, id=17155, stack(0x0000700003b1c000,0x0000700003c1c000)]
  0x00007fbe3a800800 JavaThread "JDWP Event Helper Thread" daemon [_thread_blocked, id=13059, stack(0x0000700003a19000,0x0000700003b19000)]
  0x00007fbe3a055000 JavaThread "JDWP Transport Listener: dt_socket" daemon [_thread_blocked, id=12551, stack(0x0000700003916000,0x0000700003a16000)]
  0x00007fbe3a054800 JavaThread "Signal Dispatcher" daemon [_thread_blocked, id=17927, stack(0x0000700003813000,0x0000700003913000)]
  0x00007fbe3b02b800 JavaThread "Finalizer" daemon [_thread_blocked, id=20227, stack(0x0000700003710000,0x0000700003810000)]
  0x00007fbe3b025000 JavaThread "Reference Handler" daemon [_thread_blocked, id=20739, stack(0x000070000360d000,0x000070000370d000)]

Other Threads:
  0x00007fbe3a01f800 VMThread [stack: 0x000070000350a000,0x000070000360a000] [id=21251]
  0x00007fbe399b2000 WatcherThread [stack: 0x0000700004334000,0x0000700004434000] [id=21763]

VM state:not at safepoint (normal execution)

VM Mutex/Monitor currently owned by a thread: None

Heap:
 PSYoungGen      total 485888K, used 150933K [0x0000000795580000, 0x00000007bb380000, 0x00000007c0000000)
  eden space 464384K, 32% used [0x0000000795580000,0x000000079e8e5408,0x00000007b1b00000)
  from space 21504K, 0% used [0x00000007b1b00000,0x00000007b1b00000,0x00000007b3000000)
  to   space 22528K, 0% used [0x00000007b9d80000,0x00000007b9d80000,0x00000007bb380000)
 ParOldGen       total 141312K, used 44355K [0x0000000740000000, 0x0000000748a00000, 0x0000000795580000)
  object space 141312K, 31% used [0x0000000740000000,0x0000000742b50c88,0x0000000748a00000)
 Metaspace       used 59330K, capacity 60307K, committed 60632K, reserved 1101824K
  class space    used 7880K, capacity 8072K, committed 8152K, reserved 1048576K

Card table byte_map: [0x000000010ccdb000,0x000000010d0dc000] byte_map_base: 0x00000001092db000

Marking Bits: (ParMarkBitMap*) 0x000000010c29c330
 Begin Bits: [0x000000010d387000, 0x000000010f387000)
 End Bits:   [0x000000010f387000, 0x0000000111387000)

Polling page: 0x000000010b0a1000

CodeCache: size=245760Kb used=13378Kb max_used=13378Kb free=232381Kb
 bounds [0x000000011415a000, 0x0000000114e8a000, 0x000000012315a000]
 total_blobs=7112 nmethods=6568 adapters=464
 compilation: enabled

Compilation events (10 events):
Event: 231.369 Thread 0x00007fbe399a1800 6778       1       java.io.ObjectStreamField::getClassSignature (242 bytes)
Event: 231.371 Thread 0x00007fbe399a1800 nmethod 6778 0x00000001147e0d50 code [0x00000001147e1040, 0x00000001147e1ed8]
Event: 231.372 Thread 0x00007fbe399a1800 6780       1       sun.reflect.MethodAccessorGenerator::generate (762 bytes)
Event: 231.381 Thread 0x00007fbe399a1800 nmethod 6780 0x0000000114e6f710 code [0x0000000114e700a0, 0x0000000114e73768]
Event: 231.382 Thread 0x00007fbe399a1800 6781       1       sun.reflect.ClassFileAssembler::emitMagicAndVersion (18 bytes)
Event: 231.382 Thread 0x00007fbe399a1800 nmethod 6781 0x0000000114390290 code [0x0000000114390440, 0x0000000114390728]
Event: 231.385 Thread 0x00007fbe399a1800 6783       1       org.apache.catalina.util.LifecycleBase::fireLifecycleEvent (56 bytes)
Event: 231.385 Thread 0x00007fbe399a1800 nmethod 6783 0x000000011455c7d0 code [0x000000011455c980, 0x000000011455cd28]
Event: 231.386 Thread 0x00007fbe399a1800 6784       1       org.apache.catalina.LifecycleEvent::<init> (16 bytes)
Event: 231.386 Thread 0x00007fbe399a1800 nmethod 6784 0x00000001144c6fd0 code [0x00000001144c7140, 0x00000001144c7348]

GC Heap History (10 events):
Event: 9.361 GC heap before
{Heap before GC invocations=12 (full 2):
 PSYoungGen      total 377856K, used 13310K [0x0000000795580000, 0x00000007add00000, 0x00000007c0000000)
  eden space 364544K, 0% used [0x0000000795580000,0x0000000795580000,0x00000007ab980000)
  from space 13312K, 99% used [0x00000007acb00000,0x00000007ad7ffb60,0x00000007ad800000)
  to   space 17920K, 0% used [0x00000007ab980000,0x00000007ab980000,0x00000007acb00000)
 ParOldGen       total 56832K, used 23595K [0x0000000740000000, 0x0000000743780000, 0x0000000795580000)
  object space 56832K, 41% used [0x0000000740000000,0x000000074170ac88,0x0000000743780000)
 Metaspace       used 34648K, capacity 35268K, committed 35416K, reserved 1079296K
  class space    used 4531K, capacity 4663K, committed 4696K, reserved 1048576K
Event: 9.487 GC heap after
Heap after GC invocations=12 (full 2):
 PSYoungGen      total 377856K, used 0K [0x0000000795580000, 0x00000007add00000, 0x00000007c0000000)
  eden space 364544K, 0% used [0x0000000795580000,0x0000000795580000,0x00000007ab980000)
  from space 13312K, 0% used [0x00000007acb00000,0x00000007acb00000,0x00000007ad800000)
  to   space 17920K, 0% used [0x00000007ab980000,0x00000007ab980000,0x00000007acb00000)
 ParOldGen       total 101376K, used 29069K [0x0000000740000000, 0x0000000746300000, 0x0000000795580000)
  object space 101376K, 28% used [0x0000000740000000,0x0000000741c63410,0x0000000746300000)
 Metaspace       used 34648K, capacity 35268K, committed 35416K, reserved 1079296K
  class space    used 4531K, capacity 4663K, committed 4696K, reserved 1048576K
}
Event: 19.096 GC heap before
{Heap before GC invocations=13 (full 2):
 PSYoungGen      total 377856K, used 364544K [0x0000000795580000, 0x00000007add00000, 0x00000007c0000000)
  eden space 364544K, 100% used [0x0000000795580000,0x00000007ab980000,0x00000007ab980000)
  from space 13312K, 0% used [0x00000007acb00000,0x00000007acb00000,0x00000007ad800000)
  to   space 17920K, 0% used [0x00000007ab980000,0x00000007ab980000,0x00000007acb00000)
 ParOldGen       total 101376K, used 29069K [0x0000000740000000, 0x0000000746300000, 0x0000000795580000)
  object space 101376K, 28% used [0x0000000740000000,0x0000000741c63410,0x0000000746300000)
 Metaspace       used 46828K, capacity 47614K, committed 47960K, reserved 1091584K
  class space    used 6199K, capacity 6365K, committed 6488K, reserved 1048576K
Event: 19.172 GC heap after
Heap after GC invocations=13 (full 2):
 PSYoungGen      total 382464K, used 17914K [0x0000000795580000, 0x00000007b4a00000, 0x00000007c0000000)
  eden space 364544K, 0% used [0x0000000795580000,0x0000000795580000,0x00000007ab980000)
  from space 17920K, 99% used [0x00000007ab980000,0x00000007acafeb18,0x00000007acb00000)
  to   space 21504K, 0% used [0x00000007b3500000,0x00000007b3500000,0x00000007b4a00000)
 ParOldGen       total 101376K, used 31642K [0x0000000740000000, 0x0000000746300000, 0x0000000795580000)
  object space 101376K, 31% used [0x0000000740000000,0x0000000741ee69a8,0x0000000746300000)
 Metaspace       used 46828K, capacity 47614K, committed 47960K, reserved 1091584K
  class space    used 6199K, capacity 6365K, committed 6488K, reserved 1048576K
}
Event: 21.884 GC heap before
{Heap before GC invocations=14 (full 2):
 PSYoungGen      total 382464K, used 382458K [0x0000000795580000, 0x00000007b4a00000, 0x00000007c0000000)
  eden space 364544K, 100% used [0x0000000795580000,0x00000007ab980000,0x00000007ab980000)
  from space 17920K, 99% used [0x00000007ab980000,0x00000007acafeb18,0x00000007acb00000)
  to   space 21504K, 0% used [0x00000007b3500000,0x00000007b3500000,0x00000007b4a00000)
 ParOldGen       total 101376K, used 31642K [0x0000000740000000, 0x0000000746300000, 0x0000000795580000)
  object space 101376K, 31% used [0x0000000740000000,0x0000000741ee69a8,0x0000000746300000)
 Metaspace       used 52624K, capacity 53476K, committed 53592K, reserved 1095680K
  class space    used 7006K, capacity 7162K, committed 7256K, reserved 1048576K
Event: 21.916 GC heap after
Heap after GC invocations=14 (full 2):
 PSYoungGen      total 480768K, used 13470K [0x0000000795580000, 0x00000007b4500000, 0x00000007c0000000)
  eden space 464384K, 0% used [0x0000000795580000,0x0000000795580000,0x00000007b1b00000)
  from space 16384K, 82% used [0x00000007b3500000,0x00000007b4227a78,0x00000007b4500000)
  to   space 21504K, 0% used [0x00000007b1b00000,0x00000007b1b00000,0x00000007b3000000)
 ParOldGen       total 101376K, used 42016K [0x0000000740000000, 0x0000000746300000, 0x0000000795580000)
  object space 101376K, 41% used [0x0000000740000000,0x0000000742908398,0x0000000746300000)
 Metaspace       used 52624K, capacity 53476K, committed 53592K, reserved 1095680K
  class space    used 7006K, capacity 7162K, committed 7256K, reserved 1048576K
}
Event: 37.080 GC heap before
{Heap before GC invocations=15 (full 2):
 PSYoungGen      total 480768K, used 218412K [0x0000000795580000, 0x00000007b4500000, 0x00000007c0000000)
  eden space 464384K, 44% used [0x0000000795580000,0x00000007a1da35f0,0x00000007b1b00000)
  from space 16384K, 82% used [0x00000007b3500000,0x00000007b4227a78,0x00000007b4500000)
  to   space 21504K, 0% used [0x00000007b1b00000,0x00000007b1b00000,0x00000007b3000000)
 ParOldGen       total 101376K, used 42016K [0x0000000740000000, 0x0000000746300000, 0x0000000795580000)
  object space 101376K, 41% used [0x0000000740000000,0x0000000742908398,0x0000000746300000)
 Metaspace       used 57858K, capacity 58875K, committed 59028K, reserved 1099776K
  class space    used 7708K, capacity 7892K, committed 7896K, reserved 1048576K
Event: 37.117 GC heap after
Heap after GC invocations=15 (full 2):
 PSYoungGen      total 485888K, used 16193K [0x0000000795580000, 0x00000007bb380000, 0x00000007c0000000)
  eden space 464384K, 0% used [0x0000000795580000,0x0000000795580000,0x00000007b1b00000)
  from space 21504K, 75% used [0x00000007b1b00000,0x00000007b2ad0508,0x00000007b3000000)
  to   space 22528K, 0% used [0x00000007b9d80000,0x00000007b9d80000,0x00000007bb380000)
 ParOldGen       total 101376K, used 42024K [0x0000000740000000, 0x0000000746300000, 0x0000000795580000)
  object space 101376K, 41% used [0x0000000740000000,0x000000074290a398,0x0000000746300000)
 Metaspace       used 57858K, capacity 58875K, committed 59028K, reserved 1099776K
  class space    used 7708K, capacity 7892K, committed 7896K, reserved 1048576K
}
Event: 37.117 GC heap before
{Heap before GC invocations=16 (full 3):
 PSYoungGen      total 485888K, used 16193K [0x0000000795580000, 0x00000007bb380000, 0x00000007c0000000)
  eden space 464384K, 0% used [0x0000000795580000,0x0000000795580000,0x00000007b1b00000)
  from space 21504K, 75% used [0x00000007b1b00000,0x00000007b2ad0508,0x00000007b3000000)
  to   space 22528K, 0% used [0x00000007b9d80000,0x00000007b9d80000,0x00000007bb380000)
 ParOldGen       total 101376K, used 42024K [0x0000000740000000, 0x0000000746300000, 0x0000000795580000)
  object space 101376K, 41% used [0x0000000740000000,0x000000074290a398,0x0000000746300000)
 Metaspace       used 57858K, capacity 58875K, committed 59028K, reserved 1099776K
  class space    used 7708K, capacity 7892K, committed 7896K, reserved 1048576K
Event: 37.369 GC heap after
Heap after GC invocations=16 (full 3):
 PSYoungGen      total 485888K, used 0K [0x0000000795580000, 0x00000007bb380000, 0x00000007c0000000)
  eden space 464384K, 0% used [0x0000000795580000,0x0000000795580000,0x00000007b1b00000)
  from space 21504K, 0% used [0x00000007b1b00000,0x00000007b1b00000,0x00000007b3000000)
  to   space 22528K, 0% used [0x00000007b9d80000,0x00000007b9d80000,0x00000007bb380000)
 ParOldGen       total 141312K, used 44355K [0x0000000740000000, 0x0000000748a00000, 0x0000000795580000)
  object space 141312K, 31% used [0x0000000740000000,0x0000000742b50c88,0x0000000748a00000)
 Metaspace       used 57856K, capacity 58869K, committed 59028K, reserved 1099776K
  class space    used 7707K, capacity 7891K, committed 7896K, reserved 1048576K
}

Deoptimization events (0 events):
No events

Internal exceptions (10 events):
Event: 231.364 Thread 0x00007fbe39b64000 Exception <a 'java/lang/reflect/InvocationTargetException'> (0x000000079e63b710) thrown at [/HUDSON3/workspace/8-2-build-macosx-x86_64/jdk8u20/1074/hotspot/src/share/vm/runtime/reflection.cpp, line 1079]
Event: 231.368 Thread 0x00007fbe39b64000 Exception <a 'java/lang/NoSuchMethodError': <clinit>> (0x000000079e64db98) thrown at [/HUDSON3/workspace/8-2-build-macosx-x86_64/jdk8u20/1074/hotspot/src/share/vm/prims/jni.cpp, line 1603]
Event: 231.370 Thread 0x00007fbe39b64000 Exception <a 'java/lang/NoSuchMethodError': <clinit>> (0x000000079e666fb0) thrown at [/HUDSON3/workspace/8-2-build-macosx-x86_64/jdk8u20/1074/hotspot/src/share/vm/prims/jni.cpp, line 1603]
Event: 231.372 Thread 0x00007fbe39b64000 Exception <a 'java/lang/NoSuchMethodError': <clinit>> (0x000000079e6797d8) thrown at [/HUDSON3/workspace/8-2-build-macosx-x86_64/jdk8u20/1074/hotspot/src/share/vm/prims/jni.cpp, line 1603]
Event: 231.380 Thread 0x00007fbe39b64000 Exception <a 'java/security/PrivilegedActionException'> (0x000000079e6a12a8) thrown at [/HUDSON3/workspace/8-2-build-macosx-x86_64/jdk8u20/1074/hotspot/src/share/vm/prims/jvm.cpp, line 1275]
Event: 231.380 Thread 0x00007fbe39b64000 Exception <a 'java/security/PrivilegedActionException'> (0x000000079e6a3a48) thrown at [/HUDSON3/workspace/8-2-build-macosx-x86_64/jdk8u20/1074/hotspot/src/share/vm/prims/jvm.cpp, line 1275]
Event: 231.380 Thread 0x00007fbe39b64000 Exception <a 'java/security/PrivilegedActionException'> (0x000000079e6a6078) thrown at [/HUDSON3/workspace/8-2-build-macosx-x86_64/jdk8u20/1074/hotspot/src/share/vm/prims/jvm.cpp, line 1275]
Event: 231.381 Thread 0x00007fbe39b64000 Exception <a 'java/security/PrivilegedActionException'> (0x000000079e6a8580) thrown at [/HUDSON3/workspace/8-2-build-macosx-x86_64/jdk8u20/1074/hotspot/src/share/vm/prims/jvm.cpp, line 1275]
Event: 233.394 Thread 0x00007fbe3a5f7000 Exception <a 'java/net/SocketTimeoutException': connect timed out> (0x000000079e051880) thrown at [/HUDSON3/workspace/8-2-build-macosx-x86_64/jdk8u20/1074/hotspot/src/share/vm/prims/jni.cpp, line 742]
Event: 233.418 Thread 0x00007fbe39dc6000 Exception <a 'java/io/IOException'> (0x000000079e714ec8) thrown at [/HUDSON3/workspace/8-2-build-macosx-x86_64/jdk8u20/1074/hotspot/src/share/vm/prims/jni.cpp, line 716]

Events (10 events):
Event: 233.416 Executing VM operation: RevokeBias
Event: 233.416 Executing VM operation: RevokeBias done
Event: 233.416 Thread 0x00007fbe3a5ea800 Thread exited: 0x00007fbe3a5ea800
Event: 233.417 Thread 0x00007fbe3a5ec000 Thread exited: 0x00007fbe3a5ec000
Event: 233.417 Thread 0x00007fbe3a5eb800 Thread exited: 0x00007fbe3a5eb800
Event: 233.419 loading class java/nio/channels/AsynchronousCloseException
Event: 233.419 loading class java/nio/channels/ClosedChannelException
Event: 233.419 loading class java/nio/channels/ClosedChannelException done
Event: 233.419 loading class java/nio/channels/AsynchronousCloseException done
Event: 233.419 Thread 0x00007fbe39dc6000 Thread exited: 0x00007fbe39dc6000


Dynamic libraries:
0x00000000155cc000 	/System/Library/Frameworks/Cocoa.framework/Versions/A/Cocoa
0x00000000155cc000 	/System/Library/Frameworks/Security.framework/Versions/A/Security
0x00000000155cc000 	/System/Library/Frameworks/ApplicationServices.framework/Versions/A/ApplicationServices
0x00000000155cc000 	/usr/lib/libz.1.dylib
0x00000000155cc000 	/usr/lib/libSystem.B.dylib
0x00000000155cc000 	/usr/lib/libobjc.A.dylib
0x00000000155cc000 	/System/Library/Frameworks/CoreFoundation.framework/Versions/A/CoreFoundation
0x00000000155cc000 	/System/Library/Frameworks/Foundation.framework/Versions/C/Foundation
0x00000000155cc000 	/System/Library/Frameworks/AppKit.framework/Versions/C/AppKit
0x00000000155cc000 	/System/Library/Frameworks/CoreData.framework/Versions/A/CoreData
0x00000000155cc000 	/System/Library/PrivateFrameworks/RemoteViewServices.framework/Versions/A/RemoteViewServices
0x00000000155cc000 	/System/Library/PrivateFrameworks/UIFoundation.framework/Versions/A/UIFoundation
0x00000000155cc000 	/System/Library/PrivateFrameworks/DFRFoundation.framework/Versions/A/DFRFoundation
0x00000000155cc000 	/System/Library/Frameworks/Metal.framework/Versions/A/Metal
0x00000000155cc000 	/System/Library/PrivateFrameworks/DesktopServicesPriv.framework/Versions/A/DesktopServicesPriv
0x00000000155cc000 	/usr/lib/libenergytrace.dylib
0x00000000155cc000 	/System/Library/PrivateFrameworks/SkyLight.framework/Versions/A/SkyLight
0x00000000155cc000 	/System/Library/Frameworks/CoreGraphics.framework/Versions/A/CoreGraphics
0x00000000155cc000 	/usr/lib/libScreenReader.dylib
0x00000000155cc000 	/System/Library/Frameworks/Accelerate.framework/Versions/A/Accelerate
0x00000000155cc000 	/System/Library/Frameworks/IOSurface.framework/Versions/A/IOSurface
0x00000000155cc000 	/System/Library/Frameworks/AudioToolbox.framework/Versions/A/AudioToolbox
0x00000000155cc000 	/System/Library/Frameworks/AudioUnit.framework/Versions/A/AudioUnit
0x00000000155cc000 	/System/Library/PrivateFrameworks/DataDetectorsCore.framework/Versions/A/DataDetectorsCore
0x00000000155cc000 	/System/Library/Frameworks/Carbon.framework/Versions/A/Frameworks/HIToolbox.framework/Versions/A/HIToolbox
0x00000000155cc000 	/usr/lib/libicucore.A.dylib
0x00000000155cc000 	/System/Library/Frameworks/QuartzCore.framework/Versions/A/QuartzCore
0x00000000155cc000 	/System/Library/Frameworks/Carbon.framework/Versions/A/Frameworks/SpeechRecognition.framework/Versions/A/SpeechRecognition
0x00000000155cc000 	/usr/lib/libauto.dylib
0x00000000155cc000 	/usr/lib/libxml2.2.dylib
0x00000000155cc000 	/System/Library/PrivateFrameworks/CoreUI.framework/Versions/A/CoreUI
0x00000000155cc000 	/System/Library/Frameworks/CoreAudio.framework/Versions/A/CoreAudio
0x00000000155cc000 	/System/Library/Frameworks/DiskArbitration.framework/Versions/A/DiskArbitration
0x00000000155cc000 	/usr/lib/liblangid.dylib
0x00000000155cc000 	/System/Library/PrivateFrameworks/MultitouchSupport.framework/Versions/A/MultitouchSupport
0x00000000155cc000 	/System/Library/Frameworks/IOKit.framework/Versions/A/IOKit
0x00000000155cc000 	/usr/lib/libDiagnosticMessagesClient.dylib
0x00000000155cc000 	/System/Library/Frameworks/CoreServices.framework/Versions/A/CoreServices
0x00000000155cc000 	/System/Library/PrivateFrameworks/PerformanceAnalysis.framework/Versions/A/PerformanceAnalysis
0x00000000155cc000 	/System/Library/Frameworks/OpenGL.framework/Versions/A/OpenGL
0x00000000155cc000 	/System/Library/Frameworks/ColorSync.framework/Versions/A/ColorSync
0x00000000155cc000 	/System/Library/Frameworks/CoreImage.framework/Versions/A/CoreImage
0x00000000155cc000 	/System/Library/Frameworks/CoreText.framework/Versions/A/CoreText
0x00000000155cc000 	/System/Library/Frameworks/ImageIO.framework/Versions/A/ImageIO
0x00000000155cc000 	/System/Library/PrivateFrameworks/Backup.framework/Versions/A/Backup
0x00000000155cc000 	/usr/lib/libarchive.2.dylib
0x00000000155cc000 	/System/Library/Frameworks/CFNetwork.framework/Versions/A/CFNetwork
0x00000000155cc000 	/System/Library/Frameworks/SystemConfiguration.framework/Versions/A/SystemConfiguration
0x00000000155cc000 	/usr/lib/libCRFSuite.dylib
0x00000000155cc000 	/usr/lib/libc++.1.dylib
0x00000000155cc000 	/usr/lib/libc++abi.dylib
0x00000000155cc000 	/usr/lib/system/libcache.dylib
0x00000000155cc000 	/usr/lib/system/libcommonCrypto.dylib
0x00000000155cc000 	/usr/lib/system/libcompiler_rt.dylib
0x00000000155cc000 	/usr/lib/system/libcopyfile.dylib
0x00000000155cc000 	/usr/lib/system/libcorecrypto.dylib
0x00000000155cc000 	/usr/lib/system/libdispatch.dylib
0x00000000155cc000 	/usr/lib/system/libdyld.dylib
0x00000000155cc000 	/usr/lib/system/libkeymgr.dylib
0x00000000155cc000 	/usr/lib/system/liblaunch.dylib
0x00000000155cc000 	/usr/lib/system/libmacho.dylib
0x00000000155cc000 	/usr/lib/system/libquarantine.dylib
0x00000000155cc000 	/usr/lib/system/libremovefile.dylib
0x00000000155cc000 	/usr/lib/system/libsystem_asl.dylib
0x00000000155cc000 	/usr/lib/system/libsystem_blocks.dylib
0x00000000155cc000 	/usr/lib/system/libsystem_c.dylib
0x00000000155cc000 	/usr/lib/system/libsystem_configuration.dylib
0x00000000155cc000 	/usr/lib/system/libsystem_coreservices.dylib
0x00000000155cc000 	/usr/lib/system/libsystem_darwin.dylib
0x00000000155cc000 	/usr/lib/system/libsystem_dnssd.dylib
0x00000000155cc000 	/usr/lib/system/libsystem_info.dylib
0x00000000155cc000 	/usr/lib/system/libsystem_m.dylib
0x00000000155cc000 	/usr/lib/system/libsystem_malloc.dylib
0x00000000155cc000 	/usr/lib/system/libsystem_network.dylib
0x00000000155cc000 	/usr/lib/system/libsystem_networkextension.dylib
0x00000000155cc000 	/usr/lib/system/libsystem_notify.dylib
0x00000000155cc000 	/usr/lib/system/libsystem_sandbox.dylib
0x00000000155cc000 	/usr/lib/system/libsystem_secinit.dylib
0x00000000155cc000 	/usr/lib/system/libsystem_kernel.dylib
0x00000000155cc000 	/usr/lib/system/libsystem_platform.dylib
0x00000000155cc000 	/usr/lib/system/libsystem_pthread.dylib
0x00000000155cc000 	/usr/lib/system/libsystem_symptoms.dylib
0x00000000155cc000 	/usr/lib/system/libsystem_trace.dylib
0x00000000155cc000 	/usr/lib/system/libunwind.dylib
0x00000000155cc000 	/usr/lib/system/libxpc.dylib
0x00000000155cc000 	/usr/lib/closure/libclosured.dylib
0x00000000155cc000 	/usr/lib/libbsm.0.dylib
0x00000000155cc000 	/usr/lib/system/libkxld.dylib
0x00000000155cc000 	/usr/lib/libOpenScriptingUtil.dylib
0x00000000155cc000 	/usr/lib/libcoretls.dylib
0x00000000155cc000 	/usr/lib/libcoretls_cfhelpers.dylib
0x00000000155cc000 	/usr/lib/libpam.2.dylib
0x00000000155cc000 	/usr/lib/libsqlite3.dylib
0x00000000155cc000 	/usr/lib/libxar.1.dylib
0x00000000155cc000 	/usr/lib/libbz2.1.0.dylib
0x00000000155cc000 	/usr/lib/liblzma.5.dylib
0x00000000155cc000 	/usr/lib/libnetwork.dylib
0x00000000155cc000 	/usr/lib/libapple_nghttp2.dylib
0x00000000155cc000 	/usr/lib/libpcap.A.dylib
0x00000000155cc000 	/usr/lib/libboringssl.dylib
0x00000000155cc000 	/usr/lib/libusrtcp.dylib
0x00000000155cc000 	/usr/lib/libapple_crypto.dylib
0x00000000155cc000 	/System/Library/Frameworks/CoreServices.framework/Versions/A/Frameworks/FSEvents.framework/Versions/A/FSEvents
0x00000000155cc000 	/System/Library/Frameworks/CoreServices.framework/Versions/A/Frameworks/CarbonCore.framework/Versions/A/CarbonCore
0x00000000155cc000 	/System/Library/Frameworks/CoreServices.framework/Versions/A/Frameworks/Metadata.framework/Versions/A/Metadata
0x00000000155cc000 	/System/Library/Frameworks/CoreServices.framework/Versions/A/Frameworks/OSServices.framework/Versions/A/OSServices
0x00000000155cc000 	/System/Library/Frameworks/CoreServices.framework/Versions/A/Frameworks/SearchKit.framework/Versions/A/SearchKit
0x00000000155cc000 	/System/Library/Frameworks/CoreServices.framework/Versions/A/Frameworks/AE.framework/Versions/A/AE
0x00000000155cc000 	/System/Library/Frameworks/CoreServices.framework/Versions/A/Frameworks/LaunchServices.framework/Versions/A/LaunchServices
0x00000000155cc000 	/System/Library/Frameworks/CoreServices.framework/Versions/A/Frameworks/DictionaryServices.framework/Versions/A/DictionaryServices
0x00000000155cc000 	/System/Library/Frameworks/CoreServices.framework/Versions/A/Frameworks/SharedFileList.framework/Versions/A/SharedFileList
0x00000000155cc000 	/System/Library/Frameworks/NetFS.framework/Versions/A/NetFS
0x00000000155cc000 	/System/Library/PrivateFrameworks/NetAuth.framework/Versions/A/NetAuth
0x00000000155cc000 	/System/Library/PrivateFrameworks/login.framework/Versions/A/Frameworks/loginsupport.framework/Versions/A/loginsupport
0x00000000155cc000 	/System/Library/PrivateFrameworks/TCC.framework/Versions/A/TCC
0x00000000155cc000 	/usr/lib/libmecabra.dylib
0x00000000155cc000 	/System/Library/Frameworks/ApplicationServices.framework/Versions/A/Frameworks/ATS.framework/Versions/A/ATS
0x00000000155cc000 	/System/Library/Frameworks/ApplicationServices.framework/Versions/A/Frameworks/ColorSyncLegacy.framework/Versions/A/ColorSyncLegacy
0x00000000155cc000 	/System/Library/Frameworks/ApplicationServices.framework/Versions/A/Frameworks/HIServices.framework/Versions/A/HIServices
0x00000000155cc000 	/System/Library/Frameworks/ApplicationServices.framework/Versions/A/Frameworks/LangAnalysis.framework/Versions/A/LangAnalysis
0x00000000155cc000 	/System/Library/Frameworks/ApplicationServices.framework/Versions/A/Frameworks/PrintCore.framework/Versions/A/PrintCore
0x00000000155cc000 	/System/Library/Frameworks/ApplicationServices.framework/Versions/A/Frameworks/QD.framework/Versions/A/QD
0x00000000155cc000 	/System/Library/Frameworks/ApplicationServices.framework/Versions/A/Frameworks/SpeechSynthesis.framework/Versions/A/SpeechSynthesis
0x00000000155cc000 	/System/Library/Frameworks/CoreDisplay.framework/Versions/A/CoreDisplay
0x00000000155cc000 	/System/Library/Frameworks/Accelerate.framework/Versions/A/Frameworks/vImage.framework/Versions/A/vImage
0x00000000155cc000 	/System/Library/Frameworks/Accelerate.framework/Versions/A/Frameworks/vecLib.framework/Versions/A/vecLib
0x00000000155cc000 	/System/Library/Frameworks/Accelerate.framework/Versions/A/Frameworks/vecLib.framework/Versions/A/libvDSP.dylib
0x00000000155cc000 	/System/Library/Frameworks/Accelerate.framework/Versions/A/Frameworks/vecLib.framework/Versions/A/libBNNS.dylib
0x00000000155cc000 	/System/Library/Frameworks/Accelerate.framework/Versions/A/Frameworks/vecLib.framework/Versions/A/libQuadrature.dylib
0x00000000155cc000 	/System/Library/Frameworks/Accelerate.framework/Versions/A/Frameworks/vecLib.framework/Versions/A/libvMisc.dylib
0x00000000155cc000 	/System/Library/Frameworks/Accelerate.framework/Versions/A/Frameworks/vecLib.framework/Versions/A/libLAPACK.dylib
0x00000000155cc000 	/System/Library/Frameworks/Accelerate.framework/Versions/A/Frameworks/vecLib.framework/Versions/A/libBLAS.dylib
0x00000000155cc000 	/System/Library/Frameworks/Accelerate.framework/Versions/A/Frameworks/vecLib.framework/Versions/A/libLinearAlgebra.dylib
0x00000000155cc000 	/System/Library/Frameworks/Accelerate.framework/Versions/A/Frameworks/vecLib.framework/Versions/A/libSparse.dylib
0x00000000155cc000 	/System/Library/Frameworks/Accelerate.framework/Versions/A/Frameworks/vecLib.framework/Versions/A/libSparseBLAS.dylib
0x00000000155cc000 	/System/Library/PrivateFrameworks/IOAccelerator.framework/Versions/A/IOAccelerator
0x00000000155cc000 	/System/Library/PrivateFrameworks/IOPresentment.framework/Versions/A/IOPresentment
0x00000000155cc000 	/System/Library/PrivateFrameworks/DSExternalDisplay.framework/Versions/A/DSExternalDisplay
0x00000000155cc000 	/System/Library/Frameworks/OpenGL.framework/Versions/A/Libraries/libCoreFSCache.dylib
0x00000000155cc000 	/System/Library/Frameworks/CoreVideo.framework/Versions/A/CoreVideo
0x00000000155cc000 	/System/Library/PrivateFrameworks/GraphVisualizer.framework/Versions/A/GraphVisualizer
0x00000000155cc000 	/System/Library/Frameworks/MetalPerformanceShaders.framework/Versions/A/MetalPerformanceShaders
0x00000000155cc000 	/usr/lib/libFosl_dynamic.dylib
0x00000000155cc000 	/System/Library/PrivateFrameworks/FaceCore.framework/Versions/A/FaceCore
0x00000000155cc000 	/System/Library/Frameworks/OpenCL.framework/Versions/A/OpenCL
0x00000000155cc000 	/usr/lib/libcompression.dylib
0x00000000155cc000 	/System/Library/Frameworks/ApplicationServices.framework/Versions/A/Frameworks/ATS.framework/Versions/A/Resources/libFontParser.dylib
0x00000000155cc000 	/System/Library/Frameworks/ApplicationServices.framework/Versions/A/Frameworks/ATS.framework/Versions/A/Resources/libFontRegistry.dylib
0x00000000155cc000 	/System/Library/Frameworks/ImageIO.framework/Versions/A/Resources/libJPEG.dylib
0x00000000155cc000 	/System/Library/Frameworks/ImageIO.framework/Versions/A/Resources/libTIFF.dylib
0x00000000155cc000 	/System/Library/Frameworks/ImageIO.framework/Versions/A/Resources/libPng.dylib
0x00000000155cc000 	/System/Library/Frameworks/ImageIO.framework/Versions/A/Resources/libGIF.dylib
0x00000000155cc000 	/System/Library/Frameworks/ImageIO.framework/Versions/A/Resources/libJP2.dylib
0x00000000155cc000 	/System/Library/Frameworks/ImageIO.framework/Versions/A/Resources/libRadiance.dylib
0x00000000155cc000 	/System/Library/PrivateFrameworks/AppleJPEG.framework/Versions/A/AppleJPEG
0x00000000155cc000 	/System/Library/PrivateFrameworks/MetalTools.framework/Versions/A/MetalTools
0x00000000155cc000 	/System/Library/Frameworks/MetalPerformanceShaders.framework/Frameworks/MPSCore.framework/Versions/A/MPSCore
0x00000000155cc000 	/System/Library/Frameworks/MetalPerformanceShaders.framework/Frameworks/MPSImage.framework/Versions/A/MPSImage
0x00000000155cc000 	/System/Library/Frameworks/MetalPerformanceShaders.framework/Frameworks/MPSMatrix.framework/Versions/A/MPSMatrix
0x00000000155cc000 	/System/Library/Frameworks/MetalPerformanceShaders.framework/Frameworks/MPSNeuralNetwork.framework/Versions/A/MPSNeuralNetwork
0x00000000155cc000 	/System/Library/Frameworks/OpenGL.framework/Versions/A/Libraries/libGLU.dylib
0x00000000155cc000 	/System/Library/Frameworks/OpenGL.framework/Versions/A/Libraries/libGFXShared.dylib
0x00000000155cc000 	/System/Library/Frameworks/OpenGL.framework/Versions/A/Libraries/libGL.dylib
0x00000000155cc000 	/System/Library/Frameworks/OpenGL.framework/Versions/A/Libraries/libGLImage.dylib
0x00000000155cc000 	/System/Library/Frameworks/OpenGL.framework/Versions/A/Libraries/libCVMSPluginSupport.dylib
0x00000000155cc000 	/System/Library/Frameworks/OpenGL.framework/Versions/A/Libraries/libCoreVMClient.dylib
0x00000000155cc000 	/usr/lib/libcups.2.dylib
0x00000000155cc000 	/System/Library/Frameworks/Kerberos.framework/Versions/A/Kerberos
0x00000000155cc000 	/System/Library/Frameworks/GSS.framework/Versions/A/GSS
0x00000000155cc000 	/usr/lib/libresolv.9.dylib
0x00000000155cc000 	/usr/lib/libiconv.2.dylib
0x00000000155cc000 	/System/Library/PrivateFrameworks/Heimdal.framework/Versions/A/Heimdal
0x00000000155cc000 	/usr/lib/libheimdal-asn1.dylib
0x00000000155cc000 	/System/Library/Frameworks/OpenDirectory.framework/Versions/A/OpenDirectory
0x00000000155cc000 	/System/Library/PrivateFrameworks/CommonAuth.framework/Versions/A/CommonAuth
0x00000000155cc000 	/System/Library/Frameworks/OpenDirectory.framework/Versions/A/Frameworks/CFOpenDirectory.framework/Versions/A/CFOpenDirectory
0x00000000155cc000 	/System/Library/Frameworks/SecurityFoundation.framework/Versions/A/SecurityFoundation
0x00000000155cc000 	/System/Library/PrivateFrameworks/APFS.framework/Versions/A/APFS
0x00000000155cc000 	/usr/lib/libutil.dylib
0x00000000155cc000 	/System/Library/PrivateFrameworks/AppleSauce.framework/Versions/A/AppleSauce
0x00000000155cc000 	/System/Library/PrivateFrameworks/LinguisticData.framework/Versions/A/LinguisticData
0x00000000155cc000 	/usr/lib/libmarisa.dylib
0x00000000155cc000 	/System/Library/PrivateFrameworks/Lexicon.framework/Versions/A/Lexicon
0x00000000155cc000 	/usr/lib/libChineseTokenizer.dylib
0x00000000155cc000 	/usr/lib/libcmph.dylib
0x00000000155cc000 	/System/Library/PrivateFrameworks/LanguageModeling.framework/Versions/A/LanguageModeling
0x00000000155cc000 	/System/Library/PrivateFrameworks/CoreEmoji.framework/Versions/A/CoreEmoji
0x00000000155cc000 	/System/Library/Frameworks/ServiceManagement.framework/Versions/A/ServiceManagement
0x00000000155cc000 	/System/Library/PrivateFrameworks/BackgroundTaskManagement.framework/Versions/A/BackgroundTaskManagement
0x00000000155cc000 	/usr/lib/libxslt.1.dylib
0x00000000155cc000 	/System/Library/Frameworks/Carbon.framework/Versions/A/Frameworks/Ink.framework/Versions/A/Ink
0x00000000155cc000 	/System/Library/PrivateFrameworks/TextureIO.framework/Versions/A/TextureIO
0x00000000155cc000 	/usr/lib/libate.dylib
0x00000000155cc000 	/System/Library/PrivateFrameworks/CrashReporterSupport.framework/Versions/A/CrashReporterSupport
0x00000000155cc000 	/System/Library/PrivateFrameworks/Sharing.framework/Versions/A/Sharing
0x00000000155cc000 	/System/Library/PrivateFrameworks/IconServices.framework/Versions/A/IconServices
0x00000000155cc000 	/System/Library/PrivateFrameworks/ProtocolBuffer.framework/Versions/A/ProtocolBuffer
0x00000000155cc000 	/System/Library/PrivateFrameworks/Apple80211.framework/Versions/A/Apple80211
0x00000000155cc000 	/System/Library/Frameworks/CoreWLAN.framework/Versions/A/CoreWLAN
0x00000000155cc000 	/System/Library/PrivateFrameworks/CoreUtils.framework/Versions/A/CoreUtils
0x00000000155cc000 	/System/Library/Frameworks/IOBluetooth.framework/Versions/A/IOBluetooth
0x00000000155cc000 	/System/Library/PrivateFrameworks/CoreWiFi.framework/Versions/A/CoreWiFi
0x00000000155cc000 	/System/Library/Frameworks/CoreBluetooth.framework/Versions/A/CoreBluetooth
0x00000000155cc000 	/System/Library/PrivateFrameworks/SignpostNotification.framework/Versions/A/SignpostNotification
0x00000000155cc000 	/System/Library/PrivateFrameworks/DebugSymbols.framework/Versions/A/DebugSymbols
0x00000000155cc000 	/System/Library/PrivateFrameworks/CoreSymbolication.framework/Versions/A/CoreSymbolication
0x00000000155cc000 	/System/Library/PrivateFrameworks/Symbolication.framework/Versions/A/Symbolication
0x00000000155cc000 	/System/Library/PrivateFrameworks/AppleFSCompression.framework/Versions/A/AppleFSCompression
0x00000000155cc000 	/System/Library/PrivateFrameworks/SpeechRecognitionCore.framework/Versions/A/SpeechRecognitionCore
0x000000010ba00000 	/Library/Java/JavaVirtualMachines/jdk1.8.0_20.jdk/Contents/Home/jre/lib/server/libjvm.dylib
0x00000000155cc000 	/usr/lib/libstdc++.6.0.9.dylib
0x000000010b05f000 	/Library/Java/JavaVirtualMachines/jdk1.8.0_20.jdk/Contents/Home/jre/lib/libverify.dylib
0x000000010b06d000 	/Library/Java/JavaVirtualMachines/jdk1.8.0_20.jdk/Contents/Home/jre/lib/libjava.dylib
0x000000010b0a2000 	/Library/Java/JavaVirtualMachines/jdk1.8.0_20.jdk/Contents/Home/jre/lib/libjdwp.dylib
0x000000010b0ed000 	/Library/Java/JavaVirtualMachines/jdk1.8.0_20.jdk/Contents/Home/jre/lib/libnpt.dylib
0x000000010b0f1000 	/Library/Java/JavaVirtualMachines/jdk1.8.0_20.jdk/Contents/Home/jre/lib/libinstrument.dylib
0x000000010b18f000 	/Library/Java/JavaVirtualMachines/jdk1.8.0_20.jdk/Contents/Home/jre/lib/libzip.dylib
0x00000000155cc000 	/System/Library/Frameworks/JavaVM.framework/Versions/A/Frameworks/JavaRuntimeSupport.framework/Versions/A/JavaRuntimeSupport
0x00000000155cc000 	/System/Library/Frameworks/JavaVM.framework/Versions/A/Frameworks/JavaNativeFoundation.framework/Versions/A/JavaNativeFoundation
0x00000000155cc000 	/System/Library/Frameworks/JavaVM.framework/Versions/A/JavaVM
0x00000000155cc000 	/System/Library/Frameworks/Carbon.framework/Versions/A/Carbon
0x00000000155cc000 	/System/Library/PrivateFrameworks/JavaLaunching.framework/Versions/A/JavaLaunching
0x00000000155cc000 	/System/Library/Frameworks/Carbon.framework/Versions/A/Frameworks/CommonPanels.framework/Versions/A/CommonPanels
0x00000000155cc000 	/System/Library/Frameworks/Carbon.framework/Versions/A/Frameworks/Help.framework/Versions/A/Help
0x00000000155cc000 	/System/Library/Frameworks/Carbon.framework/Versions/A/Frameworks/ImageCapture.framework/Versions/A/ImageCapture
0x00000000155cc000 	/System/Library/Frameworks/Carbon.framework/Versions/A/Frameworks/OpenScripting.framework/Versions/A/OpenScripting
0x00000000155cc000 	/System/Library/Frameworks/Carbon.framework/Versions/A/Frameworks/Print.framework/Versions/A/Print
0x00000000155cc000 	/System/Library/Frameworks/Carbon.framework/Versions/A/Frameworks/SecurityHI.framework/Versions/A/SecurityHI
0x00000001131f2000 	/Library/Java/JavaVirtualMachines/jdk1.8.0_20.jdk/Contents/Home/jre/lib/libdt_socket.dylib
0x00000001135e3000 	/Library/Java/JavaVirtualMachines/jdk1.8.0_20.jdk/Contents/Home/jre/lib/libmanagement.dylib
0x00000001135f0000 	/Library/Java/JavaVirtualMachines/jdk1.8.0_20.jdk/Contents/Home/jre/lib/libnet.dylib
0x000000011364f000 	/Library/Java/JavaVirtualMachines/jdk1.8.0_20.jdk/Contents/Home/jre/lib/libnio.dylib
0x0000000113fa6000 	/Library/Java/JavaVirtualMachines/jdk1.8.0_20.jdk/Contents/Home/jre/lib/libsunec.dylib

VM Arguments:
jvm_args: -agentlib:jdwp=transport=dt_socket,address=127.0.0.1:61765,suspend=y,server=n -XX:TieredStopAtLevel=1 -Xverify:none -Dspring.output.ansi.enabled=always -Dcom.sun.management.jmxremote -Dcom.sun.management.jmxremote.port=61764 -Dcom.sun.management.jmxremote.authenticate=false -Dcom.sun.management.jmxremote.ssl=false -Dspring.liveBeansView.mbeanDomain -Dspring.application.admin.enabled=true -javaagent:/Users/Even/Library/Caches/IntelliJIdea2017.2/groovyHotSwap/gragent.jar -Dfile.encoding=UTF-8 
java_command: com.charityconnector.WebsiteApplication
java_class_path (initial): /Library/Java/JavaVirtualMachines/jdk1.8.0_20.jdk/Contents/Home/jre/lib/charsets.jar:/Library/Java/JavaVirtualMachines/jdk1.8.0_20.jdk/Contents/Home/jre/lib/deploy.jar:/Library/Java/JavaVirtualMachines/jdk1.8.0_20.jdk/Contents/Home/jre/lib/ext/cldrdata.jar:/Library/Java/JavaVirtualMachines/jdk1.8.0_20.jdk/Contents/Home/jre/lib/ext/dnsns.jar:/Library/Java/JavaVirtualMachines/jdk1.8.0_20.jdk/Contents/Home/jre/lib/ext/jfxrt.jar:/Library/Java/JavaVirtualMachines/jdk1.8.0_20.jdk/Contents/Home/jre/lib/ext/localedata.jar:/Library/Java/JavaVirtualMachines/jdk1.8.0_20.jdk/Contents/Home/jre/lib/ext/nashorn.jar:/Library/Java/JavaVirtualMachines/jdk1.8.0_20.jdk/Contents/Home/jre/lib/ext/sunec.jar:/Library/Java/JavaVirtualMachines/jdk1.8.0_20.jdk/Contents/Home/jre/lib/ext/sunjce_provider.jar:/Library/Java/JavaVirtualMachines/jdk1.8.0_20.jdk/Contents/Home/jre/lib/ext/sunpkcs11.jar:/Library/Java/JavaVirtualMachines/jdk1.8.0_20.jdk/Contents/Home/jre/lib/ext/zipfs.jar:/Library/Java/JavaVirtualMachines/jdk1.8.0_20.jdk/Contents/Home/jre/lib/javaws.jar:/Library/Java/JavaVirtualMachines/jdk1.8.0_20.jdk/Contents/Home/jre/lib/jce.jar:/Library/Java/JavaVirtualMachines/jdk1.8.0_20.jdk/Contents/Home/jre/lib/jfr.jar:/Library/Java/JavaVirtualMachines/jdk1.8.0_20.jdk/Contents/Home/jre/lib/jfxswt.jar:/Library/Java/JavaVirtualMachines/jdk1.8.0_20.jdk/Contents/Home/jre/lib/jsse.jar:/Library/Java/JavaVirtualMachines/jdk1.8.0_20.jdk/Contents/Home/jre/lib/management-agent.jar:/Library/Java/JavaVirtualMachines/jdk1.8.0_20.jdk/Contents/Home/jre/lib/plugin.jar:/Library/Java/JavaVirtualMachines/jdk1.8.0_20.jdk/Contents/Home/jre/lib/resources.jar:/Library/Java/JavaVirtualMachines/jdk1.8.0_20.jdk/Contents/Home/jre/lib/rt.jar:/Library/Java/JavaVirtualMachines/jdk1.8.0_20.jdk/Contents/Home/lib/ant-javafx.jar:/Library/Java/JavaVirtualMachines/jdk1.8.0_20.jdk/Contents/Home/lib/dt.jar:/Library/Java/JavaVirtualMachines/jdk1.8.0_20.jdk/Contents/Home/lib/javafx-mx.jar:/Library/Java/Jav
Launcher Type: SUN_STANDARD

Environment Variables:
PATH=/Users/Even/.cabal/bin:/usr/local/bin:/usr/bin:/bin:/usr/sbin:/sbin:/opt/X11/bin:/usr/texbin
SHELL=/bin/zsh
DISPLAY=/private/tmp/com.apple.launchd.eq43cvHFUn/org.macosforge.xquartz:0

Signal Handlers:
SIGSEGV: [libjvm.dylib+0x578fd7], sa_mask[0]=11111111011111110111111111111111, sa_flags=SA_ONSTACK|SA_RESTART|SA_SIGINFO
SIGBUS: [libjvm.dylib+0x578fd7], sa_mask[0]=11111111011111110111111111111111, sa_flags=SA_RESTART|SA_SIGINFO
SIGFPE: [libjvm.dylib+0x45ab0c], sa_mask[0]=11111111011111110111111111111111, sa_flags=SA_RESTART|SA_SIGINFO
SIGPIPE: [libjvm.dylib+0x45ab0c], sa_mask[0]=11111111011111110111111111111111, sa_flags=SA_RESTART|SA_SIGINFO
SIGXFSZ: [libjvm.dylib+0x45ab0c], sa_mask[0]=11111111011111110111111111111111, sa_flags=SA_RESTART|SA_SIGINFO
SIGILL: [libjvm.dylib+0x45ab0c], sa_mask[0]=11111111011111110111111111111111, sa_flags=SA_RESTART|SA_SIGINFO
SIGUSR1: SIG_DFL, sa_mask[0]=00000000000000000000000000000000, sa_flags=none
SIGUSR2: [libjvm.dylib+0x45a62a], sa_mask[0]=00100000000000000000000000000000, sa_flags=SA_RESTART|SA_SIGINFO
SIGHUP: [libjvm.dylib+0x458bfd], sa_mask[0]=11111111011111110111111111111111, sa_flags=SA_RESTART|SA_SIGINFO
SIGINT: [libjvm.dylib+0x458bfd], sa_mask[0]=11111111011111110111111111111111, sa_flags=SA_RESTART|SA_SIGINFO
SIGTERM: [libjvm.dylib+0x458bfd], sa_mask[0]=11111111011111110111111111111111, sa_flags=SA_RESTART|SA_SIGINFO
SIGQUIT: [libjvm.dylib+0x458bfd], sa_mask[0]=11111111011111110111111111111111, sa_flags=SA_RESTART|SA_SIGINFO


---------------  S Y S T E M  ---------------

OS:Bsduname:Darwin 17.3.0 Darwin Kernel Version 17.3.0: Thu Nov  9 18:09:22 PST 2017; root:xnu-4570.31.3~1/RELEASE_X86_64 x86_64
rlimit: STACK 8192k, CORE 0k, NPROC 709, NOFILE 10240, AS infinity
load average:2.63 2.76 2.83

CPU:total 4 (2 cores per cpu, 2 threads per core) family 6 model 69 stepping 1, cmov, cx8, fxsr, mmx, sse, sse2, sse3, ssse3, sse4.1, sse4.2, popcnt, avx, avx2, aes, clmul, erms, lzcnt, ht, tsc, tscinvbit, bmi1, bmi2

Memory: 4k page, physical 8388608k(72648k free)

/proc/meminfo:


vm_info: Java HotSpot(TM) 64-Bit Server VM (25.20-b23) for bsd-amd64 JRE (1.8.0_20-b26), built on Jul 30 2014 13:37:47 by "java_re" with gcc 4.2.1 (Based on Apple Inc. build 5658) (LLVM build 2336.9.00)

time: Mon Dec 25 22:16:50 2017
elapsed time: 233 seconds (0d 0h 3m 53s)

